<?xml version="1.0" encoding="UTF-8"?>
<!-- Generated by org.testng.reporters.JUnitReportReporter -->
<testsuite hostname="LAPTOP-5SF9L84S" failures="0" tests="2" name="cucumberOptions.TestNGRunner" time="13.031" errors="0" timestamp="2024-01-31T22:40:50 IST" skipped="0">
  <testcase classname="cucumberOptions.TestNGRunner" name="runScenario" time="6.903"/>
  <testcase classname="cucumberOptions.TestNGRunner" name="runScenario" time="6.128"/>
</testsuite> <!-- cucumberOptions.TestNGRunner -->
